# JRE version: Java(TM) SE Runtime Environment 18.9 (11.0.23+7) (build 11.0.23+7-LTS-222)
# Java VM: Java HotSpot(TM) 64-Bit Server VM 18.9 (11.0.23+7-LTS-222, mixed mode, tiered, compressed oops, g1 gc, windows-amd64)
Heap:
 garbage-first heap   total 258048K, used 132202K [0x00000000e0000000, 0x0000000100000000)
  region size 1024K, 116 young (118784K), 9 survivors (9216K)
 Metaspace       used 64450K, capacity 66160K, committed 66204K, reserved 1105920K
  class space    used 8452K, capacity 9175K, committed 9196K, reserved 1048576K
GC Heap History (10 events):
Event: 0.951 GC heap before
{Heap before GC invocations=2 (full 0):
 garbage-first heap   total 258048K, used 30425K [0x00000000e0000000, 0x0000000100000000)
  region size 1024K, 22 young (22528K), 1 survivors (1024K)
 Metaspace       used 20499K, capacity 21175K, committed 21296K, reserved 1069056K
  class space    used 2350K, capacity 2629K, committed 2688K, reserved 1048576K
}
Event: 0.953 GC heap after
{Heap after GC invocations=3 (full 0):
 garbage-first heap   total 258048K, used 10689K [0x00000000e0000000, 0x0000000100000000)
  region size 1024K, 2 young (2048K), 2 survivors (2048K)
 Metaspace       used 20499K, capacity 21175K, committed 21296K, reserved 1069056K
  class space    used 2350K, capacity 2629K, committed 2688K, reserved 1048576K
}
Event: 1.366 GC heap before
{Heap before GC invocations=4 (full 0):
 garbage-first heap   total 258048K, used 68033K [0x00000000e0000000, 0x0000000100000000)
  region size 1024K, 59 young (60416K), 2 survivors (2048K)
 Metaspace       used 28974K, capacity 29969K, committed 30256K, reserved 1075200K
  class space    used 3469K, capacity 3871K, committed 3968K, reserved 1048576K
}
Event: 1.369 GC heap after
{Heap after GC invocations=5 (full 0):
 garbage-first heap   total 258048K, used 12554K [0x00000000e0000000, 0x0000000100000000)
  region size 1024K, 4 young (4096K), 4 survivors (4096K)
 Metaspace       used 28974K, capacity 29969K, committed 30256K, reserved 1075200K
  class space    used 3469K, capacity 3871K, committed 3968K, reserved 1048576K
}
Event: 1.931 GC heap before
{Heap before GC invocations=5 (full 0):
 garbage-first heap   total 258048K, used 83210K [0x00000000e0000000, 0x0000000100000000)
  region size 1024K, 74 young (75776K), 4 survivors (4096K)
 Metaspace       used 34768K, capacity 35846K, committed 35888K, reserved 1081344K
  class space    used 4245K, capacity 4721K, committed 4736K, reserved 1048576K
}
Event: 1.936 GC heap after
{Heap after GC invocations=6 (full 0):
 garbage-first heap   total 258048K, used 15104K [0x00000000e0000000, 0x0000000100000000)
  region size 1024K, 6 young (6144K), 6 survivors (6144K)
 Metaspace       used 34768K, capacity 35846K, committed 35888K, reserved 1081344K
  class space    used 4245K, capacity 4721K, committed 4736K, reserved 1048576K
}
Event: 3.826 GC heap before
{Heap before GC invocations=7 (full 0):
 garbage-first heap   total 258048K, used 133888K [0x00000000e0000000, 0x0000000100000000)
  region size 1024K, 122 young (124928K), 6 survivors (6144K)
 Metaspace       used 54145K, capacity 55626K, committed 55964K, reserved 1097728K
  class space    used 6933K, capacity 7565K, committed 7660K, reserved 1048576K
}
Event: 3.833 GC heap after
{Heap after GC invocations=8 (full 0):
 garbage-first heap   total 258048K, used 22255K [0x00000000e0000000, 0x0000000100000000)
  region size 1024K, 13 young (13312K), 13 survivors (13312K)
 Metaspace       used 54145K, capacity 55626K, committed 55964K, reserved 1097728K
  class space    used 6933K, capacity 7565K, committed 7660K, reserved 1048576K
}
Event: 4.327 GC heap before
{Heap before GC invocations=8 (full 0):
 garbage-first heap   total 258048K, used 52975K [0x00000000e0000000, 0x0000000100000000)
  region size 1024K, 44 young (45056K), 13 survivors (13312K)
 Metaspace       used 58702K, capacity 60154K, committed 60316K, reserved 1101824K
  class space    used 7660K, capacity 8301K, committed 8428K, reserved 1048576K
}
Event: 4.336 GC heap after
{Heap after GC invocations=9 (full 0):
 garbage-first heap   total 258048K, used 23658K [0x00000000e0000000, 0x0000000100000000)
  region size 1024K, 9 young (9216K), 9 survivors (9216K)
 Metaspace       used 58702K, capacity 60154K, committed 60316K, reserved 1101824K
  class space    used 7660K, capacity 8301K, committed 8428K, reserved 1048576K
}

